001044165,
001044323,
001044228,
001044229,
001044343,
001044225,
001044300,
001044222,
001044239,
001044206,
001044264,
001044207,
001044197,
001044209,
001044258,
001044237,
001044244,
001044086,
001044243,
001044335,
001044201,
001044248,
001044231,
001044099,
001044070,
001043951,
001044074,
001044053,
001044020,
001044050,
001043946,
001043964,
001044173,
001044064,
001043983,
001044101,
001043977,
001043943,
001044336,
001044315,
001044290,
001044266,
001044246,
001044179,
001044174,
001044157,
001044156,
001044121,
001044112,
001044098,
001044340,
001044326,
001044303,
001044301,
001044280,
001044278,
001044279,
001044255,
001044213,
001044212,
001044338,
001044295,
001044292,
001044291,
001044202,
001044199,
001044194,
001044176,
001044158,
001044160,
001044137,
001044135,
001044118,
001044072,
001044302,
001044305,
001044260,
001044217,
001044205,
001044204,
001044183,
001044139,
001044161,
001044153,
001044268,
001044175,
001044044,
001044168,
001044149,
001044058,
001044057,
001044061,
001044022,
001043975,
001043952,
001043949,
001044017,
001044348,
001044346,
001044294,
001043960,
001044259,
001044169,
001044033,
001044185,
001044143,
001044122,
001044092,
001044079,
001044077,
001044059,
001044043,
001044040,
001044038,
001043997,
001043957,
001043972,
001044319,
001044275,
001044203,
001044196,
001044140,
001043981,
001044337,
001044317,
001044293,
001044289,
001044141,
001044273,
001044272,
001044254,
001044233,
001044198,
001044184,
001044166,
001044164,
001044119,
001044238,
001044219,
001044182,
001044016,
001044108,
001044109,
001044073,
001044005,
001043944,
001043948,
001043942,
001044232,
001044227,
001044162,
001044131,
001044090,
001044027,
001043988,
001044331,
001044328,
001044125,
001044148,
001044200,
001044155,
001044115,
001044114,
001044095,
001044071,
001044066,
001044051,
001044047,
001044029,
001044330,
001044261,
001044167,
001044152,
001044150,
001044019,
001043985,
001044320,
001044274,
001044269,
001044247,
001044178,
001044138,
001044136,
001044133,
001044093,
001044087,
001044045,
001044048,
001043950,
001044308,
001044285,
001044276,
001044262,
001044208,
001044192,
001044030,
001044031,
001044067,
001044028,
001044113,
001044052,
001043984,
001044281,
001044220,
001044046,
001044032,
001044011,
001044195,
001044190,
001044186,
001044177,
001044000,
001044091,
001043978,
001043987,
001043971,
001044263,
001044081,
001043974,
001043962,
001044339,
001044314,
001044068,
001043969,
001044307,
001044159,
001044145,
001044286,
001044041,
001044117,
001044023,
001044025,
001044277,
001044021,
001044004,
001044253,
001043941,
001044318,
001044271,
001044069,
001043973,
001044327,
001044311,
001044313,
001044288,
001044267,
001044251,
001044241,
001044226,
001044191,
001044171,
001044120,
001044097,
001044096,
001044065,
001044002,
001043991,
001043990,
001044085,
001044129,
001044106,
001044111,
001044110,
001044332,
001044006,
001043989,
001044312,
001044223,
001044116,
001043966,
001043994,
001044147,
001044034,
001044180,
001044181,
001043913,
